INFO: quarta-feira, 23 de novembro de 2016 19:38:07 >> DeployAppTcpServer - Deploy App TCP started on port: 40021
DEBUG: quarta-feira, 23 de novembro de 2016 19:38:11 >> RpcServiceDao - Database connected with success!
INFO: quinta-feira, 24 de novembro de 2016 12:15:14 >> DeployAppTcpServer - Deploy App TCP started on port: 40021
DEBUG: quinta-feira, 24 de novembro de 2016 12:15:16 >> RpcServiceDao - Database connected with success!
INFO: sábado, 26 de novembro de 2016 01:40:03 >> DeployAppTcpServer - Deploy App TCP started on port: 40021
DEBUG: sábado, 26 de novembro de 2016 01:40:04 >> RpcServiceDao - Database connected with success!
INFO: segunda-feira, 28 de novembro de 2016 19:14:33 >> DeployAppTcpServer - Deploy App TCP started on port: 40021
DEBUG: segunda-feira, 28 de novembro de 2016 19:14:35 >> RpcServiceDao - Database connected with success!
INFO: terça-feira, 29 de novembro de 2016 15:06:15 >> DeployAppTcpServer - Deploy App TCP started on port: 40021
DEBUG: terça-feira, 29 de novembro de 2016 15:06:17 >> RpcServiceDao - Database connected with success!
INFO: quarta-feira, 30 de novembro de 2016 11:17:35 >> DeployAppTcpServer - Deploy App TCP started on port: 40021
DEBUG: quarta-feira, 30 de novembro de 2016 11:17:36 >> RpcServiceDao - Database connected with success!
INFO: sexta-feira, 9 de dezembro de 2016 16:10:42 >> DeployAppTcpServer - Deploy App TCP started on port: 40021
DEBUG: sexta-feira, 9 de dezembro de 2016 16:10:44 >> RpcServiceDao - Database connected with success!
INFO: quarta-feira, 4 de janeiro de 2017 18:19:28 >> DeployAppTcpServer - Deploy App TCP started on port: 40021
DEBUG: quarta-feira, 4 de janeiro de 2017 18:19:30 >> RpcServiceDao - Database connected with success!
INFO: quarta-feira, 4 de janeiro de 2017 22:51:56 >> DeployAppTcpServer - Deploy App TCP started on port: 40021
DEBUG: quarta-feira, 4 de janeiro de 2017 22:51:57 >> RpcServiceDao - Database connected with success!
INFO: terça-feira, 10 de janeiro de 2017 17:50:51 >> DeployAppTcpServer - Deploy App TCP started on port: 40021
DEBUG: terça-feira, 10 de janeiro de 2017 17:50:52 >> RpcServiceDao - Database connected with success!
INFO: quarta-feira, 11 de janeiro de 2017 00:17:40 >> DeployAppTcpServer - Deploy App TCP started on port: 40021
DEBUG: quarta-feira, 11 de janeiro de 2017 00:17:40 >> RpcServiceDao - Database connected with success!
